                              1 ;--------------------------------------------------------
                              2 ; File Created by SDCC : free open source ANSI-C Compiler
                              3 ; Version 4.0.0 #11528 (MINGW32)
                              4 ;--------------------------------------------------------
                              5 	.module C__Users_rober_AppData_Local_Temp_lcc94961
                              6 	.optsdcc -mgbz80
                              7 	
                              8 ;--------------------------------------------------------
                              9 ; Public variables in this module
                             10 ;--------------------------------------------------------
                             11 	.globl _main
                             12 	.globl _printf
                             13 	.globl _joypad
                             14 	.globl _delay
                             15 	.globl _mid
                             16 ;--------------------------------------------------------
                             17 ; special function registers
                             18 ;--------------------------------------------------------
                             19 ;--------------------------------------------------------
                             20 ; ram data
                             21 ;--------------------------------------------------------
                             22 	.area _DATA
   0000                      23 _mid::
   0000                      24 	.ds 351
                             25 ;--------------------------------------------------------
                             26 ; absolute external ram data
                             27 ;--------------------------------------------------------
                             28 	.area _DABS (ABS)
                             29 ;--------------------------------------------------------
                             30 ; global & static initialisations
                             31 ;--------------------------------------------------------
                             32 	.area _HOME
                             33 	.area _GSINIT
                             34 	.area _GSFINAL
                             35 	.area _GSINIT
                             36 ;LITTLE.C:1: unsigned char mid[351] = {
   0000 21r00r00             37 	ld	hl, #_mid
   0003 36 4D                38 	ld	(hl), #0x4d
   0005 21r01r00             39 	ld	hl, #(_mid + 0x0001)
   0008 36 54                40 	ld	(hl), #0x54
   000A 21r02r00             41 	ld	hl, #(_mid + 0x0002)
   000D 36 68                42 	ld	(hl), #0x68
   000F 21r03r00             43 	ld	hl, #(_mid + 0x0003)
   0012 36 64                44 	ld	(hl), #0x64
   0014 21r04r00             45 	ld	hl, #(_mid + 0x0004)
   0017 36 00                46 	ld	(hl), #0x00
   0019 21r05r00             47 	ld	hl, #(_mid + 0x0005)
   001C 36 00                48 	ld	(hl), #0x00
   001E 21r06r00             49 	ld	hl, #(_mid + 0x0006)
   0021 36 00                50 	ld	(hl), #0x00
   0023 21r07r00             51 	ld	hl, #(_mid + 0x0007)
   0026 36 06                52 	ld	(hl), #0x06
   0028 21r08r00             53 	ld	hl, #(_mid + 0x0008)
   002B 36 00                54 	ld	(hl), #0x00
   002D 21r09r00             55 	ld	hl, #(_mid + 0x0009)
   0030 36 01                56 	ld	(hl), #0x01
   0032 21r0Ar00             57 	ld	hl, #(_mid + 0x000a)
   0035 36 00                58 	ld	(hl), #0x00
   0037 21r0Br00             59 	ld	hl, #(_mid + 0x000b)
   003A 36 01                60 	ld	(hl), #0x01
   003C 21r0Cr00             61 	ld	hl, #(_mid + 0x000c)
   003F 36 00                62 	ld	(hl), #0x00
   0041 21r0Dr00             63 	ld	hl, #(_mid + 0x000d)
   0044 36 C0                64 	ld	(hl), #0xc0
   0046 21r0Er00             65 	ld	hl, #(_mid + 0x000e)
   0049 36 4D                66 	ld	(hl), #0x4d
   004B 21r0Fr00             67 	ld	hl, #(_mid + 0x000f)
   004E 36 54                68 	ld	(hl), #0x54
   0050 21r10r00             69 	ld	hl, #(_mid + 0x0010)
   0053 36 72                70 	ld	(hl), #0x72
   0055 21r11r00             71 	ld	hl, #(_mid + 0x0011)
   0058 36 6B                72 	ld	(hl), #0x6b
   005A 21r12r00             73 	ld	hl, #(_mid + 0x0012)
   005D 36 00                74 	ld	(hl), #0x00
   005F 21r13r00             75 	ld	hl, #(_mid + 0x0013)
   0062 36 00                76 	ld	(hl), #0x00
   0064 21r14r00             77 	ld	hl, #(_mid + 0x0014)
   0067 36 01                78 	ld	(hl), #0x01
   0069 21r15r00             79 	ld	hl, #(_mid + 0x0015)
   006C 36 49                80 	ld	(hl), #0x49
   006E 21r16r00             81 	ld	hl, #(_mid + 0x0016)
   0071 36 00                82 	ld	(hl), #0x00
   0073 21r17r00             83 	ld	hl, #(_mid + 0x0017)
   0076 36 FF                84 	ld	(hl), #0xff
   0078 21r18r00             85 	ld	hl, #(_mid + 0x0018)
   007B 36 58                86 	ld	(hl), #0x58
   007D 21r19r00             87 	ld	hl, #(_mid + 0x0019)
   0080 36 04                88 	ld	(hl), #0x04
   0082 21r1Ar00             89 	ld	hl, #(_mid + 0x001a)
   0085 36 04                90 	ld	(hl), #0x04
   0087 21r1Br00             91 	ld	hl, #(_mid + 0x001b)
   008A 36 02                92 	ld	(hl), #0x02
   008C 21r1Cr00             93 	ld	hl, #(_mid + 0x001c)
   008F 36 18                94 	ld	(hl), #0x18
   0091 21r1Dr00             95 	ld	hl, #(_mid + 0x001d)
   0094 36 08                96 	ld	(hl), #0x08
   0096 21r1Er00             97 	ld	hl, #(_mid + 0x001e)
   0099 36 00                98 	ld	(hl), #0x00
   009B 21r1Fr00             99 	ld	hl, #(_mid + 0x001f)
   009E 36 FF               100 	ld	(hl), #0xff
   00A0 21r20r00            101 	ld	hl, #(_mid + 0x0020)
   00A3 36 51               102 	ld	(hl), #0x51
   00A5 21r21r00            103 	ld	hl, #(_mid + 0x0021)
   00A8 36 03               104 	ld	(hl), #0x03
   00AA 21r22r00            105 	ld	hl, #(_mid + 0x0022)
   00AD 36 07               106 	ld	(hl), #0x07
   00AF 21r23r00            107 	ld	hl, #(_mid + 0x0023)
   00B2 36 A1               108 	ld	(hl), #0xa1
   00B4 21r24r00            109 	ld	hl, #(_mid + 0x0024)
   00B7 36 20               110 	ld	(hl), #0x20
   00B9 21r25r00            111 	ld	hl, #(_mid + 0x0025)
   00BC 36 00               112 	ld	(hl), #0x00
   00BE 21r26r00            113 	ld	hl, #(_mid + 0x0026)
   00C1 36 FF               114 	ld	(hl), #0xff
   00C3 21r27r00            115 	ld	hl, #(_mid + 0x0027)
   00C6 36 03               116 	ld	(hl), #0x03
   00C8 21r28r00            117 	ld	hl, #(_mid + 0x0028)
   00CB 36 0B               118 	ld	(hl), #0x0b
   00CD 21r29r00            119 	ld	hl, #(_mid + 0x0029)
   00D0 36 54               120 	ld	(hl), #0x54
   00D2 21r2Ar00            121 	ld	hl, #(_mid + 0x002a)
   00D5 36 65               122 	ld	(hl), #0x65
   00D7 21r2Br00            123 	ld	hl, #(_mid + 0x002b)
   00DA 36 6D               124 	ld	(hl), #0x6d
   00DC 21r2Cr00            125 	ld	hl, #(_mid + 0x002c)
   00DF 36 70               126 	ld	(hl), #0x70
   00E1 21r2Dr00            127 	ld	hl, #(_mid + 0x002d)
   00E4 36 6F               128 	ld	(hl), #0x6f
   00E6 21r2Er00            129 	ld	hl, #(_mid + 0x002e)
   00E9 36 20               130 	ld	(hl), #0x20
   00EB 21r2Fr00            131 	ld	hl, #(_mid + 0x002f)
   00EE 36 54               132 	ld	(hl), #0x54
   00F0 21r30r00            133 	ld	hl, #(_mid + 0x0030)
   00F3 36 72               134 	ld	(hl), #0x72
   00F5 21r31r00            135 	ld	hl, #(_mid + 0x0031)
   00F8 36 61               136 	ld	(hl), #0x61
   00FA 21r32r00            137 	ld	hl, #(_mid + 0x0032)
   00FD 36 63               138 	ld	(hl), #0x63
   00FF 21r33r00            139 	ld	hl, #(_mid + 0x0033)
   0102 36 6B               140 	ld	(hl), #0x6b
   0104 21r34r00            141 	ld	hl, #(_mid + 0x0034)
   0107 36 00               142 	ld	(hl), #0x00
   0109 21r35r00            143 	ld	hl, #(_mid + 0x0035)
   010C 36 90               144 	ld	(hl), #0x90
   010E 21r36r00            145 	ld	hl, #(_mid + 0x0036)
   0111 36 3C               146 	ld	(hl), #0x3c
   0113 21r37r00            147 	ld	hl, #(_mid + 0x0037)
   0116 36 5A               148 	ld	(hl), #0x5a
   0118 21r38r00            149 	ld	hl, #(_mid + 0x0038)
   011B 36 81               150 	ld	(hl), #0x81
   011D 21r39r00            151 	ld	hl, #(_mid + 0x0039)
   0120 36 40               152 	ld	(hl), #0x40
   0122 21r3Ar00            153 	ld	hl, #(_mid + 0x003a)
   0125 36 90               154 	ld	(hl), #0x90
   0127 21r3Br00            155 	ld	hl, #(_mid + 0x003b)
   012A 36 40               156 	ld	(hl), #0x40
   012C 21r3Cr00            157 	ld	hl, #(_mid + 0x003c)
   012F 36 6E               158 	ld	(hl), #0x6e
   0131 21r3Dr00            159 	ld	hl, #(_mid + 0x003d)
   0134 36 00               160 	ld	(hl), #0x00
   0136 21r3Er00            161 	ld	hl, #(_mid + 0x003e)
   0139 36 90               162 	ld	(hl), #0x90
   013B 21r3Fr00            163 	ld	hl, #(_mid + 0x003f)
   013E 36 3C               164 	ld	(hl), #0x3c
   0140 21r40r00            165 	ld	hl, #(_mid + 0x0040)
   0143 36 6E               166 	ld	(hl), #0x6e
   0145 21r41r00            167 	ld	hl, #(_mid + 0x0041)
   0148 36 00               168 	ld	(hl), #0x00
   014A 21r42r00            169 	ld	hl, #(_mid + 0x0042)
   014D 36 80               170 	ld	(hl), #0x80
   014F 21r43r00            171 	ld	hl, #(_mid + 0x0043)
   0152 36 3C               172 	ld	(hl), #0x3c
   0154 21r44r00            173 	ld	hl, #(_mid + 0x0044)
   0157 36 00               174 	ld	(hl), #0x00
   0159 21r45r00            175 	ld	hl, #(_mid + 0x0045)
   015C 36 81               176 	ld	(hl), #0x81
   015E 21r46r00            177 	ld	hl, #(_mid + 0x0046)
   0161 36 40               178 	ld	(hl), #0x40
   0163 21r47r00            179 	ld	hl, #(_mid + 0x0047)
   0166 36 90               180 	ld	(hl), #0x90
   0168 21r48r00            181 	ld	hl, #(_mid + 0x0048)
   016B 36 40               182 	ld	(hl), #0x40
   016D 21r49r00            183 	ld	hl, #(_mid + 0x0049)
   0170 36 61               184 	ld	(hl), #0x61
   0172 21r4Ar00            185 	ld	hl, #(_mid + 0x004a)
   0175 36 00               186 	ld	(hl), #0x00
   0177 21r4Br00            187 	ld	hl, #(_mid + 0x004b)
   017A 36 90               188 	ld	(hl), #0x90
   017C 21r4Cr00            189 	ld	hl, #(_mid + 0x004c)
   017F 36 3C               190 	ld	(hl), #0x3c
   0181 21r4Dr00            191 	ld	hl, #(_mid + 0x004d)
   0184 36 61               192 	ld	(hl), #0x61
   0186 21r4Er00            193 	ld	hl, #(_mid + 0x004e)
   0189 36 00               194 	ld	(hl), #0x00
   018B 21r4Fr00            195 	ld	hl, #(_mid + 0x004f)
   018E 36 80               196 	ld	(hl), #0x80
   0190 21r50r00            197 	ld	hl, #(_mid + 0x0050)
   0193 36 40               198 	ld	(hl), #0x40
   0195 21r51r00            199 	ld	hl, #(_mid + 0x0051)
   0198 36 00               200 	ld	(hl), #0x00
   019A 21r52r00            201 	ld	hl, #(_mid + 0x0052)
   019D 36 00               202 	ld	(hl), #0x00
   019F 21r53r00            203 	ld	hl, #(_mid + 0x0053)
   01A2 36 80               204 	ld	(hl), #0x80
   01A4 21r54r00            205 	ld	hl, #(_mid + 0x0054)
   01A7 36 3C               206 	ld	(hl), #0x3c
   01A9 21r55r00            207 	ld	hl, #(_mid + 0x0055)
   01AC 36 00               208 	ld	(hl), #0x00
   01AE 21r56r00            209 	ld	hl, #(_mid + 0x0056)
   01B1 36 81               210 	ld	(hl), #0x81
   01B3 21r57r00            211 	ld	hl, #(_mid + 0x0057)
   01B6 36 40               212 	ld	(hl), #0x40
   01B8 21r58r00            213 	ld	hl, #(_mid + 0x0058)
   01BB 36 90               214 	ld	(hl), #0x90
   01BD 21r59r00            215 	ld	hl, #(_mid + 0x0059)
   01C0 36 40               216 	ld	(hl), #0x40
   01C2 21r5Ar00            217 	ld	hl, #(_mid + 0x005a)
   01C5 36 64               218 	ld	(hl), #0x64
   01C7 21r5Br00            219 	ld	hl, #(_mid + 0x005b)
   01CA 36 00               220 	ld	(hl), #0x00
   01CC 21r5Cr00            221 	ld	hl, #(_mid + 0x005c)
   01CF 36 90               222 	ld	(hl), #0x90
   01D1 21r5Dr00            223 	ld	hl, #(_mid + 0x005d)
   01D4 36 3C               224 	ld	(hl), #0x3c
   01D6 21r5Er00            225 	ld	hl, #(_mid + 0x005e)
   01D9 36 64               226 	ld	(hl), #0x64
   01DB 21r5Fr00            227 	ld	hl, #(_mid + 0x005f)
   01DE 36 00               228 	ld	(hl), #0x00
   01E0 21r60r00            229 	ld	hl, #(_mid + 0x0060)
   01E3 36 80               230 	ld	(hl), #0x80
   01E5 21r61r00            231 	ld	hl, #(_mid + 0x0061)
   01E8 36 40               232 	ld	(hl), #0x40
   01EA 21r62r00            233 	ld	hl, #(_mid + 0x0062)
   01ED 36 00               234 	ld	(hl), #0x00
   01EF 21r63r00            235 	ld	hl, #(_mid + 0x0063)
   01F2 36 00               236 	ld	(hl), #0x00
   01F4 21r64r00            237 	ld	hl, #(_mid + 0x0064)
   01F7 36 80               238 	ld	(hl), #0x80
   01F9 21r65r00            239 	ld	hl, #(_mid + 0x0065)
   01FC 36 3C               240 	ld	(hl), #0x3c
   01FE 21r66r00            241 	ld	hl, #(_mid + 0x0066)
   0201 36 00               242 	ld	(hl), #0x00
   0203 21r67r00            243 	ld	hl, #(_mid + 0x0067)
   0206 36 81               244 	ld	(hl), #0x81
   0208 21r68r00            245 	ld	hl, #(_mid + 0x0068)
   020B 36 40               246 	ld	(hl), #0x40
   020D 21r69r00            247 	ld	hl, #(_mid + 0x0069)
   0210 36 90               248 	ld	(hl), #0x90
   0212 21r6Ar00            249 	ld	hl, #(_mid + 0x006a)
   0215 36 3E               250 	ld	(hl), #0x3e
   0217 21r6Br00            251 	ld	hl, #(_mid + 0x006b)
   021A 36 5D               252 	ld	(hl), #0x5d
   021C 21r6Cr00            253 	ld	hl, #(_mid + 0x006c)
   021F 36 03               254 	ld	(hl), #0x03
   0221 21r6Dr00            255 	ld	hl, #(_mid + 0x006d)
   0224 36 80               256 	ld	(hl), #0x80
   0226 21r6Er00            257 	ld	hl, #(_mid + 0x006e)
   0229 36 40               258 	ld	(hl), #0x40
   022B 21r6Fr00            259 	ld	hl, #(_mid + 0x006f)
   022E 36 00               260 	ld	(hl), #0x00
   0230 21r70r00            261 	ld	hl, #(_mid + 0x0070)
   0233 36 00               262 	ld	(hl), #0x00
   0235 21r71r00            263 	ld	hl, #(_mid + 0x0071)
   0238 36 80               264 	ld	(hl), #0x80
   023A 21r72r00            265 	ld	hl, #(_mid + 0x0072)
   023D 36 3C               266 	ld	(hl), #0x3c
   023F 21r73r00            267 	ld	hl, #(_mid + 0x0073)
   0242 36 00               268 	ld	(hl), #0x00
   0244 21r74r00            269 	ld	hl, #(_mid + 0x0074)
   0247 36 5D               270 	ld	(hl), #0x5d
   0249 21r75r00            271 	ld	hl, #(_mid + 0x0075)
   024C 36 90               272 	ld	(hl), #0x90
   024E 21r76r00            273 	ld	hl, #(_mid + 0x0076)
   0251 36 3C               274 	ld	(hl), #0x3c
   0253 21r77r00            275 	ld	hl, #(_mid + 0x0077)
   0256 36 5E               276 	ld	(hl), #0x5e
   0258 21r78r00            277 	ld	hl, #(_mid + 0x0078)
   025B 36 01               278 	ld	(hl), #0x01
   025D 21r79r00            279 	ld	hl, #(_mid + 0x0079)
   0260 36 80               280 	ld	(hl), #0x80
   0262 21r7Ar00            281 	ld	hl, #(_mid + 0x007a)
   0265 36 3E               282 	ld	(hl), #0x3e
   0267 21r7Br00            283 	ld	hl, #(_mid + 0x007b)
   026A 36 00               284 	ld	(hl), #0x00
   026C 21r7Cr00            285 	ld	hl, #(_mid + 0x007c)
   026F 36 5F               286 	ld	(hl), #0x5f
   0271 21r7Dr00            287 	ld	hl, #(_mid + 0x007d)
   0274 36 90               288 	ld	(hl), #0x90
   0276 21r7Er00            289 	ld	hl, #(_mid + 0x007e)
   0279 36 43               290 	ld	(hl), #0x43
   027B 21r7Fr00            291 	ld	hl, #(_mid + 0x007f)
   027E 36 6D               292 	ld	(hl), #0x6d
   0280 21r80r00            293 	ld	hl, #(_mid + 0x0080)
   0283 36 00               294 	ld	(hl), #0x00
   0285 21r81r00            295 	ld	hl, #(_mid + 0x0081)
   0288 36 90               296 	ld	(hl), #0x90
   028A 21r82r00            297 	ld	hl, #(_mid + 0x0082)
   028D 36 40               298 	ld	(hl), #0x40
   028F 21r83r00            299 	ld	hl, #(_mid + 0x0083)
   0292 36 6D               300 	ld	(hl), #0x6d
   0294 21r84r00            301 	ld	hl, #(_mid + 0x0084)
   0297 36 01               302 	ld	(hl), #0x01
   0299 21r85r00            303 	ld	hl, #(_mid + 0x0085)
   029C 36 80               304 	ld	(hl), #0x80
   029E 21r86r00            305 	ld	hl, #(_mid + 0x0086)
   02A1 36 3C               306 	ld	(hl), #0x3c
   02A3 21r87r00            307 	ld	hl, #(_mid + 0x0087)
   02A6 36 00               308 	ld	(hl), #0x00
   02A8 21r88r00            309 	ld	hl, #(_mid + 0x0088)
   02AB 36 84               310 	ld	(hl), #0x84
   02AD 21r89r00            311 	ld	hl, #(_mid + 0x0089)
   02B0 36 21               312 	ld	(hl), #0x21
   02B2 21r8Ar00            313 	ld	hl, #(_mid + 0x008a)
   02B5 36 80               314 	ld	(hl), #0x80
   02B7 21r8Br00            315 	ld	hl, #(_mid + 0x008b)
   02BA 36 43               316 	ld	(hl), #0x43
   02BC 21r8Cr00            317 	ld	hl, #(_mid + 0x008c)
   02BF 36 00               318 	ld	(hl), #0x00
   02C1 21r8Dr00            319 	ld	hl, #(_mid + 0x008d)
   02C4 36 00               320 	ld	(hl), #0x00
   02C6 21r8Er00            321 	ld	hl, #(_mid + 0x008e)
   02C9 36 80               322 	ld	(hl), #0x80
   02CB 21r8Fr00            323 	ld	hl, #(_mid + 0x008f)
   02CE 36 40               324 	ld	(hl), #0x40
   02D0 21r90r00            325 	ld	hl, #(_mid + 0x0090)
   02D3 36 00               326 	ld	(hl), #0x00
   02D5 21r91r00            327 	ld	hl, #(_mid + 0x0091)
   02D8 36 1E               328 	ld	(hl), #0x1e
   02DA 21r92r00            329 	ld	hl, #(_mid + 0x0092)
   02DD 36 90               330 	ld	(hl), #0x90
   02DF 21r93r00            331 	ld	hl, #(_mid + 0x0093)
   02E2 36 43               332 	ld	(hl), #0x43
   02E4 21r94r00            333 	ld	hl, #(_mid + 0x0094)
   02E7 36 67               334 	ld	(hl), #0x67
   02E9 21r95r00            335 	ld	hl, #(_mid + 0x0095)
   02EC 36 60               336 	ld	(hl), #0x60
   02EE 21r96r00            337 	ld	hl, #(_mid + 0x0096)
   02F1 36 90               338 	ld	(hl), #0x90
   02F3 21r97r00            339 	ld	hl, #(_mid + 0x0097)
   02F6 36 41               340 	ld	(hl), #0x41
   02F8 21r98r00            341 	ld	hl, #(_mid + 0x0098)
   02FB 36 60               342 	ld	(hl), #0x60
   02FD 21r99r00            343 	ld	hl, #(_mid + 0x0099)
   0300 36 01               344 	ld	(hl), #0x01
   0302 21r9Ar00            345 	ld	hl, #(_mid + 0x009a)
   0305 36 80               346 	ld	(hl), #0x80
   0307 21r9Br00            347 	ld	hl, #(_mid + 0x009b)
   030A 36 43               348 	ld	(hl), #0x43
   030C 21r9Cr00            349 	ld	hl, #(_mid + 0x009c)
   030F 36 00               350 	ld	(hl), #0x00
   0311 21r9Dr00            351 	ld	hl, #(_mid + 0x009d)
   0314 36 5F               352 	ld	(hl), #0x5f
   0316 21r9Er00            353 	ld	hl, #(_mid + 0x009e)
   0319 36 90               354 	ld	(hl), #0x90
   031B 21r9Fr00            355 	ld	hl, #(_mid + 0x009f)
   031E 36 40               356 	ld	(hl), #0x40
   0320 21rA0r00            357 	ld	hl, #(_mid + 0x00a0)
   0323 36 5B               358 	ld	(hl), #0x5b
   0325 21rA1r00            359 	ld	hl, #(_mid + 0x00a1)
   0328 36 00               360 	ld	(hl), #0x00
   032A 21rA2r00            361 	ld	hl, #(_mid + 0x00a2)
   032D 36 90               362 	ld	(hl), #0x90
   032F 21rA3r00            363 	ld	hl, #(_mid + 0x00a3)
   0332 36 3C               364 	ld	(hl), #0x3c
   0334 21rA4r00            365 	ld	hl, #(_mid + 0x00a4)
   0337 36 5B               366 	ld	(hl), #0x5b
   0339 21rA5r00            367 	ld	hl, #(_mid + 0x00a5)
   033C 36 01               368 	ld	(hl), #0x01
   033E 21rA6r00            369 	ld	hl, #(_mid + 0x00a6)
   0341 36 80               370 	ld	(hl), #0x80
   0343 21rA7r00            371 	ld	hl, #(_mid + 0x00a7)
   0346 36 41               372 	ld	(hl), #0x41
   0348 21rA8r00            373 	ld	hl, #(_mid + 0x00a8)
   034B 36 00               374 	ld	(hl), #0x00
   034D 21rA9r00            375 	ld	hl, #(_mid + 0x00a9)
   0350 36 81               376 	ld	(hl), #0x81
   0352 21rAAr00            377 	ld	hl, #(_mid + 0x00aa)
   0355 36 3F               378 	ld	(hl), #0x3f
   0357 21rABr00            379 	ld	hl, #(_mid + 0x00ab)
   035A 36 90               380 	ld	(hl), #0x90
   035C 21rACr00            381 	ld	hl, #(_mid + 0x00ac)
   035F 36 40               382 	ld	(hl), #0x40
   0361 21rADr00            383 	ld	hl, #(_mid + 0x00ad)
   0364 36 64               384 	ld	(hl), #0x64
   0366 21rAEr00            385 	ld	hl, #(_mid + 0x00ae)
   0369 36 00               386 	ld	(hl), #0x00
   036B 21rAFr00            387 	ld	hl, #(_mid + 0x00af)
   036E 36 90               388 	ld	(hl), #0x90
   0370 21rB0r00            389 	ld	hl, #(_mid + 0x00b0)
   0373 36 3C               390 	ld	(hl), #0x3c
   0375 21rB1r00            391 	ld	hl, #(_mid + 0x00b1)
   0378 36 64               392 	ld	(hl), #0x64
   037A 21rB2r00            393 	ld	hl, #(_mid + 0x00b2)
   037D 36 00               394 	ld	(hl), #0x00
   037F 21rB3r00            395 	ld	hl, #(_mid + 0x00b3)
   0382 36 80               396 	ld	(hl), #0x80
   0384 21rB4r00            397 	ld	hl, #(_mid + 0x00b4)
   0387 36 40               398 	ld	(hl), #0x40
   0389 21rB5r00            399 	ld	hl, #(_mid + 0x00b5)
   038C 36 00               400 	ld	(hl), #0x00
   038E 21rB6r00            401 	ld	hl, #(_mid + 0x00b6)
   0391 36 00               402 	ld	(hl), #0x00
   0393 21rB7r00            403 	ld	hl, #(_mid + 0x00b7)
   0396 36 80               404 	ld	(hl), #0x80
   0398 21rB8r00            405 	ld	hl, #(_mid + 0x00b8)
   039B 36 3C               406 	ld	(hl), #0x3c
   039D 21rB9r00            407 	ld	hl, #(_mid + 0x00b9)
   03A0 36 00               408 	ld	(hl), #0x00
   03A2 21rBAr00            409 	ld	hl, #(_mid + 0x00ba)
   03A5 36 81               410 	ld	(hl), #0x81
   03A7 21rBBr00            411 	ld	hl, #(_mid + 0x00bb)
   03AA 36 40               412 	ld	(hl), #0x40
   03AC 21rBCr00            413 	ld	hl, #(_mid + 0x00bc)
   03AF 36 90               414 	ld	(hl), #0x90
   03B1 21rBDr00            415 	ld	hl, #(_mid + 0x00bd)
   03B4 36 40               416 	ld	(hl), #0x40
   03B6 21rBEr00            417 	ld	hl, #(_mid + 0x00be)
   03B9 36 66               418 	ld	(hl), #0x66
   03BB 21rBFr00            419 	ld	hl, #(_mid + 0x00bf)
   03BE 36 00               420 	ld	(hl), #0x00
   03C0 21rC0r00            421 	ld	hl, #(_mid + 0x00c0)
   03C3 36 90               422 	ld	(hl), #0x90
   03C5 21rC1r00            423 	ld	hl, #(_mid + 0x00c1)
   03C8 36 3C               424 	ld	(hl), #0x3c
   03CA 21rC2r00            425 	ld	hl, #(_mid + 0x00c2)
   03CD 36 66               426 	ld	(hl), #0x66
   03CF 21rC3r00            427 	ld	hl, #(_mid + 0x00c3)
   03D2 36 00               428 	ld	(hl), #0x00
   03D4 21rC4r00            429 	ld	hl, #(_mid + 0x00c4)
   03D7 36 80               430 	ld	(hl), #0x80
   03D9 21rC5r00            431 	ld	hl, #(_mid + 0x00c5)
   03DC 36 40               432 	ld	(hl), #0x40
   03DE 21rC6r00            433 	ld	hl, #(_mid + 0x00c6)
   03E1 36 00               434 	ld	(hl), #0x00
   03E3 21rC7r00            435 	ld	hl, #(_mid + 0x00c7)
   03E6 36 00               436 	ld	(hl), #0x00
   03E8 21rC8r00            437 	ld	hl, #(_mid + 0x00c8)
   03EB 36 80               438 	ld	(hl), #0x80
   03ED 21rC9r00            439 	ld	hl, #(_mid + 0x00c9)
   03F0 36 3C               440 	ld	(hl), #0x3c
   03F2 21rCAr00            441 	ld	hl, #(_mid + 0x00ca)
   03F5 36 00               442 	ld	(hl), #0x00
   03F7 21rCBr00            443 	ld	hl, #(_mid + 0x00cb)
   03FA 36 81               444 	ld	(hl), #0x81
   03FC 21rCCr00            445 	ld	hl, #(_mid + 0x00cc)
   03FF 36 40               446 	ld	(hl), #0x40
   0401 21rCDr00            447 	ld	hl, #(_mid + 0x00cd)
   0404 36 90               448 	ld	(hl), #0x90
   0406 21rCEr00            449 	ld	hl, #(_mid + 0x00ce)
   0409 36 3E               450 	ld	(hl), #0x3e
   040B 21rCFr00            451 	ld	hl, #(_mid + 0x00cf)
   040E 36 61               452 	ld	(hl), #0x61
   0410 21rD0r00            453 	ld	hl, #(_mid + 0x00d0)
   0413 36 03               454 	ld	(hl), #0x03
   0415 21rD1r00            455 	ld	hl, #(_mid + 0x00d1)
   0418 36 80               456 	ld	(hl), #0x80
   041A 21rD2r00            457 	ld	hl, #(_mid + 0x00d2)
   041D 36 40               458 	ld	(hl), #0x40
   041F 21rD3r00            459 	ld	hl, #(_mid + 0x00d3)
   0422 36 00               460 	ld	(hl), #0x00
   0424 21rD4r00            461 	ld	hl, #(_mid + 0x00d4)
   0427 36 00               462 	ld	(hl), #0x00
   0429 21rD5r00            463 	ld	hl, #(_mid + 0x00d5)
   042C 36 80               464 	ld	(hl), #0x80
   042E 21rD6r00            465 	ld	hl, #(_mid + 0x00d6)
   0431 36 3C               466 	ld	(hl), #0x3c
   0433 21rD7r00            467 	ld	hl, #(_mid + 0x00d7)
   0436 36 00               468 	ld	(hl), #0x00
   0438 21rD8r00            469 	ld	hl, #(_mid + 0x00d8)
   043B 36 5D               470 	ld	(hl), #0x5d
   043D 21rD9r00            471 	ld	hl, #(_mid + 0x00d9)
   0440 36 90               472 	ld	(hl), #0x90
   0442 21rDAr00            473 	ld	hl, #(_mid + 0x00da)
   0445 36 3C               474 	ld	(hl), #0x3c
   0447 21rDBr00            475 	ld	hl, #(_mid + 0x00db)
   044A 36 5A               476 	ld	(hl), #0x5a
   044C 21rDCr00            477 	ld	hl, #(_mid + 0x00dc)
   044F 36 01               478 	ld	(hl), #0x01
   0451 21rDDr00            479 	ld	hl, #(_mid + 0x00dd)
   0454 36 80               480 	ld	(hl), #0x80
   0456 21rDEr00            481 	ld	hl, #(_mid + 0x00de)
   0459 36 3E               482 	ld	(hl), #0x3e
   045B 21rDFr00            483 	ld	hl, #(_mid + 0x00df)
   045E 36 00               484 	ld	(hl), #0x00
   0460 21rE0r00            485 	ld	hl, #(_mid + 0x00e0)
   0463 36 5F               486 	ld	(hl), #0x5f
   0465 21rE1r00            487 	ld	hl, #(_mid + 0x00e1)
   0468 36 90               488 	ld	(hl), #0x90
   046A 21rE2r00            489 	ld	hl, #(_mid + 0x00e2)
   046D 36 43               490 	ld	(hl), #0x43
   046F 21rE3r00            491 	ld	hl, #(_mid + 0x00e3)
   0472 36 6A               492 	ld	(hl), #0x6a
   0474 21rE4r00            493 	ld	hl, #(_mid + 0x00e4)
   0477 36 00               494 	ld	(hl), #0x00
   0479 21rE5r00            495 	ld	hl, #(_mid + 0x00e5)
   047C 36 90               496 	ld	(hl), #0x90
   047E 21rE6r00            497 	ld	hl, #(_mid + 0x00e6)
   0481 36 40               498 	ld	(hl), #0x40
   0483 21rE7r00            499 	ld	hl, #(_mid + 0x00e7)
   0486 36 6A               500 	ld	(hl), #0x6a
   0488 21rE8r00            501 	ld	hl, #(_mid + 0x00e8)
   048B 36 01               502 	ld	(hl), #0x01
   048D 21rE9r00            503 	ld	hl, #(_mid + 0x00e9)
   0490 36 80               504 	ld	(hl), #0x80
   0492 21rEAr00            505 	ld	hl, #(_mid + 0x00ea)
   0495 36 3C               506 	ld	(hl), #0x3c
   0497 21rEBr00            507 	ld	hl, #(_mid + 0x00eb)
   049A 36 00               508 	ld	(hl), #0x00
   049C 21rECr00            509 	ld	hl, #(_mid + 0x00ec)
   049F 36 84               510 	ld	(hl), #0x84
   04A1 21rEDr00            511 	ld	hl, #(_mid + 0x00ed)
   04A4 36 21               512 	ld	(hl), #0x21
   04A6 21rEEr00            513 	ld	hl, #(_mid + 0x00ee)
   04A9 36 80               514 	ld	(hl), #0x80
   04AB 21rEFr00            515 	ld	hl, #(_mid + 0x00ef)
   04AE 36 43               516 	ld	(hl), #0x43
   04B0 21rF0r00            517 	ld	hl, #(_mid + 0x00f0)
   04B3 36 00               518 	ld	(hl), #0x00
   04B5 21rF1r00            519 	ld	hl, #(_mid + 0x00f1)
   04B8 36 00               520 	ld	(hl), #0x00
   04BA 21rF2r00            521 	ld	hl, #(_mid + 0x00f2)
   04BD 36 80               522 	ld	(hl), #0x80
   04BF 21rF3r00            523 	ld	hl, #(_mid + 0x00f3)
   04C2 36 40               524 	ld	(hl), #0x40
   04C4 21rF4r00            525 	ld	hl, #(_mid + 0x00f4)
   04C7 36 00               526 	ld	(hl), #0x00
   04C9 21rF5r00            527 	ld	hl, #(_mid + 0x00f5)
   04CC 36 1E               528 	ld	(hl), #0x1e
   04CE 21rF6r00            529 	ld	hl, #(_mid + 0x00f6)
   04D1 36 90               530 	ld	(hl), #0x90
   04D3 21rF7r00            531 	ld	hl, #(_mid + 0x00f7)
   04D6 36 43               532 	ld	(hl), #0x43
   04D8 21rF8r00            533 	ld	hl, #(_mid + 0x00f8)
   04DB 36 67               534 	ld	(hl), #0x67
   04DD 21rF9r00            535 	ld	hl, #(_mid + 0x00f9)
   04E0 36 60               536 	ld	(hl), #0x60
   04E2 21rFAr00            537 	ld	hl, #(_mid + 0x00fa)
   04E5 36 90               538 	ld	(hl), #0x90
   04E7 21rFBr00            539 	ld	hl, #(_mid + 0x00fb)
   04EA 36 41               540 	ld	(hl), #0x41
   04EC 21rFCr00            541 	ld	hl, #(_mid + 0x00fc)
   04EF 36 61               542 	ld	(hl), #0x61
   04F1 21rFDr00            543 	ld	hl, #(_mid + 0x00fd)
   04F4 36 01               544 	ld	(hl), #0x01
   04F6 21rFEr00            545 	ld	hl, #(_mid + 0x00fe)
   04F9 36 80               546 	ld	(hl), #0x80
   04FB 21rFFr00            547 	ld	hl, #(_mid + 0x00ff)
   04FE 36 43               548 	ld	(hl), #0x43
   0500 21r00r01            549 	ld	hl, #(_mid + 0x0100)
   0503 36 00               550 	ld	(hl), #0x00
   0505 21r01r01            551 	ld	hl, #(_mid + 0x0101)
   0508 36 5F               552 	ld	(hl), #0x5f
   050A 21r02r01            553 	ld	hl, #(_mid + 0x0102)
   050D 36 90               554 	ld	(hl), #0x90
   050F 21r03r01            555 	ld	hl, #(_mid + 0x0103)
   0512 36 40               556 	ld	(hl), #0x40
   0514 21r04r01            557 	ld	hl, #(_mid + 0x0104)
   0517 36 5A               558 	ld	(hl), #0x5a
   0519 21r05r01            559 	ld	hl, #(_mid + 0x0105)
   051C 36 00               560 	ld	(hl), #0x00
   051E 21r06r01            561 	ld	hl, #(_mid + 0x0106)
   0521 36 90               562 	ld	(hl), #0x90
   0523 21r07r01            563 	ld	hl, #(_mid + 0x0107)
   0526 36 3C               564 	ld	(hl), #0x3c
   0528 21r08r01            565 	ld	hl, #(_mid + 0x0108)
   052B 36 5A               566 	ld	(hl), #0x5a
   052D 21r09r01            567 	ld	hl, #(_mid + 0x0109)
   0530 36 01               568 	ld	(hl), #0x01
   0532 21r0Ar01            569 	ld	hl, #(_mid + 0x010a)
   0535 36 80               570 	ld	(hl), #0x80
   0537 21r0Br01            571 	ld	hl, #(_mid + 0x010b)
   053A 36 41               572 	ld	(hl), #0x41
   053C 21r0Cr01            573 	ld	hl, #(_mid + 0x010c)
   053F 36 00               574 	ld	(hl), #0x00
   0541 21r0Dr01            575 	ld	hl, #(_mid + 0x010d)
   0544 36 81               576 	ld	(hl), #0x81
   0546 21r0Er01            577 	ld	hl, #(_mid + 0x010e)
   0549 36 3F               578 	ld	(hl), #0x3f
   054B 21r0Fr01            579 	ld	hl, #(_mid + 0x010f)
   054E 36 90               580 	ld	(hl), #0x90
   0550 21r10r01            581 	ld	hl, #(_mid + 0x0110)
   0553 36 41               582 	ld	(hl), #0x41
   0555 21r11r01            583 	ld	hl, #(_mid + 0x0111)
   0558 36 5D               584 	ld	(hl), #0x5d
   055A 21r12r01            585 	ld	hl, #(_mid + 0x0112)
   055D 36 03               586 	ld	(hl), #0x03
   055F 21r13r01            587 	ld	hl, #(_mid + 0x0113)
   0562 36 80               588 	ld	(hl), #0x80
   0564 21r14r01            589 	ld	hl, #(_mid + 0x0114)
   0567 36 40               590 	ld	(hl), #0x40
   0569 21r15r01            591 	ld	hl, #(_mid + 0x0115)
   056C 36 00               592 	ld	(hl), #0x00
   056E 21r16r01            593 	ld	hl, #(_mid + 0x0116)
   0571 36 00               594 	ld	(hl), #0x00
   0573 21r17r01            595 	ld	hl, #(_mid + 0x0117)
   0576 36 80               596 	ld	(hl), #0x80
   0578 21r18r01            597 	ld	hl, #(_mid + 0x0118)
   057B 36 3C               598 	ld	(hl), #0x3c
   057D 21r19r01            599 	ld	hl, #(_mid + 0x0119)
   0580 36 00               600 	ld	(hl), #0x00
   0582 21r1Ar01            601 	ld	hl, #(_mid + 0x011a)
   0585 36 5D               602 	ld	(hl), #0x5d
   0587 21r1Br01            603 	ld	hl, #(_mid + 0x011b)
   058A 36 90               604 	ld	(hl), #0x90
   058C 21r1Cr01            605 	ld	hl, #(_mid + 0x011c)
   058F 36 43               606 	ld	(hl), #0x43
   0591 21r1Dr01            607 	ld	hl, #(_mid + 0x011d)
   0594 36 6B               608 	ld	(hl), #0x6b
   0596 21r1Er01            609 	ld	hl, #(_mid + 0x011e)
   0599 36 01               610 	ld	(hl), #0x01
   059B 21r1Fr01            611 	ld	hl, #(_mid + 0x011f)
   059E 36 80               612 	ld	(hl), #0x80
   05A0 21r20r01            613 	ld	hl, #(_mid + 0x0120)
   05A3 36 41               614 	ld	(hl), #0x41
   05A5 21r21r01            615 	ld	hl, #(_mid + 0x0121)
   05A8 36 00               616 	ld	(hl), #0x00
   05AA 21r22r01            617 	ld	hl, #(_mid + 0x0122)
   05AD 36 5F               618 	ld	(hl), #0x5f
   05AF 21r23r01            619 	ld	hl, #(_mid + 0x0123)
   05B2 36 90               620 	ld	(hl), #0x90
   05B4 21r24r01            621 	ld	hl, #(_mid + 0x0124)
   05B7 36 41               622 	ld	(hl), #0x41
   05B9 21r25r01            623 	ld	hl, #(_mid + 0x0125)
   05BC 36 64               624 	ld	(hl), #0x64
   05BE 21r26r01            625 	ld	hl, #(_mid + 0x0126)
   05C1 36 00               626 	ld	(hl), #0x00
   05C3 21r27r01            627 	ld	hl, #(_mid + 0x0127)
   05C6 36 90               628 	ld	(hl), #0x90
   05C8 21r28r01            629 	ld	hl, #(_mid + 0x0128)
   05CB 36 3E               630 	ld	(hl), #0x3e
   05CD 21r29r01            631 	ld	hl, #(_mid + 0x0129)
   05D0 36 64               632 	ld	(hl), #0x64
   05D2 21r2Ar01            633 	ld	hl, #(_mid + 0x012a)
   05D5 36 01               634 	ld	(hl), #0x01
   05D7 21r2Br01            635 	ld	hl, #(_mid + 0x012b)
   05DA 36 80               636 	ld	(hl), #0x80
   05DC 21r2Cr01            637 	ld	hl, #(_mid + 0x012c)
   05DF 36 43               638 	ld	(hl), #0x43
   05E1 21r2Dr01            639 	ld	hl, #(_mid + 0x012d)
   05E4 36 00               640 	ld	(hl), #0x00
   05E6 21r2Er01            641 	ld	hl, #(_mid + 0x012e)
   05E9 36 81               642 	ld	(hl), #0x81
   05EB 21r2Fr01            643 	ld	hl, #(_mid + 0x012f)
   05EE 36 3F               644 	ld	(hl), #0x3f
   05F0 21r30r01            645 	ld	hl, #(_mid + 0x0130)
   05F3 36 90               646 	ld	(hl), #0x90
   05F5 21r31r01            647 	ld	hl, #(_mid + 0x0131)
   05F8 36 40               648 	ld	(hl), #0x40
   05FA 21r32r01            649 	ld	hl, #(_mid + 0x0132)
   05FD 36 5D               650 	ld	(hl), #0x5d
   05FF 21r33r01            651 	ld	hl, #(_mid + 0x0133)
   0602 36 00               652 	ld	(hl), #0x00
   0604 21r34r01            653 	ld	hl, #(_mid + 0x0134)
   0607 36 90               654 	ld	(hl), #0x90
   0609 21r35r01            655 	ld	hl, #(_mid + 0x0135)
   060C 36 3C               656 	ld	(hl), #0x3c
   060E 21r36r01            657 	ld	hl, #(_mid + 0x0136)
   0611 36 5D               658 	ld	(hl), #0x5d
   0613 21r37r01            659 	ld	hl, #(_mid + 0x0137)
   0616 36 03               660 	ld	(hl), #0x03
   0618 21r38r01            661 	ld	hl, #(_mid + 0x0138)
   061B 36 80               662 	ld	(hl), #0x80
   061D 21r39r01            663 	ld	hl, #(_mid + 0x0139)
   0620 36 41               664 	ld	(hl), #0x41
   0622 21r3Ar01            665 	ld	hl, #(_mid + 0x013a)
   0625 36 00               666 	ld	(hl), #0x00
   0627 21r3Br01            667 	ld	hl, #(_mid + 0x013b)
   062A 36 00               668 	ld	(hl), #0x00
   062C 21r3Cr01            669 	ld	hl, #(_mid + 0x013c)
   062F 36 80               670 	ld	(hl), #0x80
   0631 21r3Dr01            671 	ld	hl, #(_mid + 0x013d)
   0634 36 3E               672 	ld	(hl), #0x3e
   0636 21r3Er01            673 	ld	hl, #(_mid + 0x013e)
   0639 36 00               674 	ld	(hl), #0x00
   063B 21r3Fr01            675 	ld	hl, #(_mid + 0x013f)
   063E 36 81               676 	ld	(hl), #0x81
   0640 21r40r01            677 	ld	hl, #(_mid + 0x0140)
   0643 36 3D               678 	ld	(hl), #0x3d
   0645 21r41r01            679 	ld	hl, #(_mid + 0x0141)
   0648 36 90               680 	ld	(hl), #0x90
   064A 21r42r01            681 	ld	hl, #(_mid + 0x0142)
   064D 36 37               682 	ld	(hl), #0x37
   064F 21r43r01            683 	ld	hl, #(_mid + 0x0143)
   0652 36 6A               684 	ld	(hl), #0x6a
   0654 21r44r01            685 	ld	hl, #(_mid + 0x0144)
   0657 36 00               686 	ld	(hl), #0x00
   0659 21r45r01            687 	ld	hl, #(_mid + 0x0145)
   065C 36 90               688 	ld	(hl), #0x90
   065E 21r46r01            689 	ld	hl, #(_mid + 0x0146)
   0661 36 3E               690 	ld	(hl), #0x3e
   0663 21r47r01            691 	ld	hl, #(_mid + 0x0147)
   0666 36 5D               692 	ld	(hl), #0x5d
   0668 21r48r01            693 	ld	hl, #(_mid + 0x0148)
   066B 36 03               694 	ld	(hl), #0x03
   066D 21r49r01            695 	ld	hl, #(_mid + 0x0149)
   0670 36 80               696 	ld	(hl), #0x80
   0672 21r4Ar01            697 	ld	hl, #(_mid + 0x014a)
   0675 36 40               698 	ld	(hl), #0x40
   0677 21r4Br01            699 	ld	hl, #(_mid + 0x014b)
   067A 36 00               700 	ld	(hl), #0x00
   067C 21r4Cr01            701 	ld	hl, #(_mid + 0x014c)
   067F 36 00               702 	ld	(hl), #0x00
   0681 21r4Dr01            703 	ld	hl, #(_mid + 0x014d)
   0684 36 80               704 	ld	(hl), #0x80
   0686 21r4Er01            705 	ld	hl, #(_mid + 0x014e)
   0689 36 3C               706 	ld	(hl), #0x3c
   068B 21r4Fr01            707 	ld	hl, #(_mid + 0x014f)
   068E 36 00               708 	ld	(hl), #0x00
   0690 21r50r01            709 	ld	hl, #(_mid + 0x0150)
   0693 36 82               710 	ld	(hl), #0x82
   0695 21r51r01            711 	ld	hl, #(_mid + 0x0151)
   0698 36 69               712 	ld	(hl), #0x69
   069A 21r52r01            713 	ld	hl, #(_mid + 0x0152)
   069D 36 80               714 	ld	(hl), #0x80
   069F 21r53r01            715 	ld	hl, #(_mid + 0x0153)
   06A2 36 3E               716 	ld	(hl), #0x3e
   06A4 21r54r01            717 	ld	hl, #(_mid + 0x0154)
   06A7 36 00               718 	ld	(hl), #0x00
   06A9 21r55r01            719 	ld	hl, #(_mid + 0x0155)
   06AC 36 81               720 	ld	(hl), #0x81
   06AE 21r56r01            721 	ld	hl, #(_mid + 0x0156)
   06B1 36 54               722 	ld	(hl), #0x54
   06B3 21r57r01            723 	ld	hl, #(_mid + 0x0157)
   06B6 36 80               724 	ld	(hl), #0x80
   06B8 21r58r01            725 	ld	hl, #(_mid + 0x0158)
   06BB 36 37               726 	ld	(hl), #0x37
   06BD 21r59r01            727 	ld	hl, #(_mid + 0x0159)
   06C0 36 00               728 	ld	(hl), #0x00
   06C2 21r5Ar01            729 	ld	hl, #(_mid + 0x015a)
   06C5 36 98               730 	ld	(hl), #0x98
   06C7 21r5Br01            731 	ld	hl, #(_mid + 0x015b)
   06CA 36 00               732 	ld	(hl), #0x00
   06CC 21r5Cr01            733 	ld	hl, #(_mid + 0x015c)
   06CF 36 FF               734 	ld	(hl), #0xff
   06D1 21r5Dr01            735 	ld	hl, #(_mid + 0x015d)
   06D4 36 2F               736 	ld	(hl), #0x2f
   06D6 21r5Er01            737 	ld	hl, #(_mid + 0x015e)
   06D9 36 00               738 	ld	(hl), #0x00
                            739 ;--------------------------------------------------------
                            740 ; Home
                            741 ;--------------------------------------------------------
                            742 	.area _HOME
                            743 	.area _HOME
                            744 ;--------------------------------------------------------
                            745 ; code
                            746 ;--------------------------------------------------------
                            747 	.area _CODE
                            748 ;main.c:5: void main()
                            749 ;	---------------------------------
                            750 ; Function main
                            751 ; ---------------------------------
   0000                     752 _main::
                            753 ;main.c:11: printf("%x",i);
   0000 21 10 00            754 	ld	hl, #0x0010
   0003 E5                  755 	push	hl
   0004 21r44r00            756 	ld	hl, #___str_0
   0007 E5                  757 	push	hl
   0008 CDr00r00            758 	call	_printf
   000B E8 04               759 	add	sp, #4
                            760 ;main.c:13: NR52_REG = 0x80;
   000D 3E 80               761 	ld	a, #0x80
   000F E0r00               762 	ldh	(_NR52_REG+0),a
                            763 ;main.c:14: NR51_REG = 0x11;
   0011 3E 11               764 	ld	a, #0x11
   0013 E0r00               765 	ldh	(_NR51_REG+0),a
                            766 ;main.c:15: NR50_REG = 0x77;
   0015 3E 77               767 	ld	a, #0x77
   0017 E0r00               768 	ldh	(_NR50_REG+0),a
                            769 ;main.c:16: NR10_REG = 0x00;
   0019 3E 00               770 	ld	a, #0x00
   001B E0r00               771 	ldh	(_NR10_REG+0),a
                            772 ;main.c:18: while(1)
   001D                     773 00104$:
                            774 ;main.c:20: unsigned char joypad_state = joypad();
   001D CDr00r00            775 	call	_joypad
   0020 7B                  776 	ld	a, e
                            777 ;main.c:21: if(joypad_state)
   0021 B7                  778 	or	a, a
   0022 28 F9               779 	jr	Z,00104$
                            780 ;main.c:23: NR11_REG = 0x10;
   0024 3E 10               781 	ld	a, #0x10
   0026 E0r00               782 	ldh	(_NR11_REG+0),a
                            783 ;main.c:24: NR12_REG = 0xF0;
   0028 3E F0               784 	ld	a, #0xf0
   002A E0r00               785 	ldh	(_NR12_REG+0),a
                            786 ;main.c:25: NR13_REG = 0x00;
   002C 3E 00               787 	ld	a, #0x00
   002E E0r00               788 	ldh	(_NR13_REG+0),a
                            789 ;main.c:26: NR14_REG = 0x87;
   0030 3E 87               790 	ld	a, #0x87
   0032 E0r00               791 	ldh	(_NR14_REG+0),a
                            792 ;main.c:27: delay(500);
   0034 21 F4 01            793 	ld	hl, #0x01f4
   0037 E5                  794 	push	hl
   0038 CDr00r00            795 	call	_delay
   003B E8 02               796 	add	sp, #2
                            797 ;main.c:28: NR12_REG = 0x00;
   003D 3E 00               798 	ld	a, #0x00
   003F E0r00               799 	ldh	(_NR12_REG+0),a
   0041 18 DA               800 	jr	00104$
                            801 ;main.c:32: }
   0043 C9                  802 	ret
   0044                     803 ___str_0:
   0044 25 78               804 	.ascii "%x"
   0046 00                  805 	.db 0x00
                            806 	.area _CODE
                            807 	.area _CABS (ABS)
